This is pdfTeX, Version 3.1415926-2.4-1.40.13 (TeX Live 2012/MacPorts 2012_4) (format=pdflatex 2012.8.27)  14 OCT 2012 15:25
entering extended mode
 \write18 enabled.
 %&-line parsing enabled.
**Exercises
(./Exercises.tex
LaTeX2e <2011/06/27>
Babel <v3.8m> and hyphenation patterns for english, dumylang, nohyphenation, cz
ech, slovak, dutch, ukenglish, usenglishmax, basque, french, german-x-2012-05-3
0, ngerman-x-2012-05-30, german, ngerman, swissgerman, italian, polish, portugu
ese, spanish, catalan, galician, loaded.
(/opt/local/share/texmf-texlive-dist/tex/latex/base/book.cls
Document Class: book 2007/10/19 v1.4h Standard LaTeX document class
(/opt/local/share/texmf-texlive-dist/tex/latex/base/bk12.clo
File: bk12.clo 2007/10/19 v1.4h Standard LaTeX file (size option)
)
\c@part=\count79
\c@chapter=\count80
\c@section=\count81
\c@subsection=\count82
\c@subsubsection=\count83
\c@paragraph=\count84
\c@subparagraph=\count85
\c@figure=\count86
\c@table=\count87
\abovecaptionskip=\skip41
\belowcaptionskip=\skip42
\bibindent=\dimen102
)
(/opt/local/share/texmf-texlive-dist/tex/latex/graphics/color.sty
Package: color 2005/11/14 v1.0j Standard LaTeX Color (DPC)

(/opt/local/share/texmf-texlive-dist/tex/latex/latexconfig/color.cfg
File: color.cfg 2007/01/18 v1.5 color configuration of teTeX/TeXLive
)
Package color Info: Driver file: pdftex.def on input line 130.

(/opt/local/share/texmf-texlive-dist/tex/latex/pdftex-def/pdftex.def
File: pdftex.def 2011/05/27 v0.06d Graphics/color for pdfTeX

(/opt/local/share/texmf-texlive-dist/tex/generic/oberdiek/infwarerr.sty
Package: infwarerr 2010/04/08 v1.3 Providing info/warning/error messages (HO)
)
(/opt/local/share/texmf-texlive-dist/tex/generic/oberdiek/ltxcmds.sty
Package: ltxcmds 2011/11/09 v1.22 LaTeX kernel commands for general use (HO)
)
\Gread@gobject=\count88
)
(/opt/local/share/texmf-texlive-dist/tex/latex/graphics/dvipsnam.def
File: dvipsnam.def 1999/02/16 v3.0i Driver-dependant file (DPC,SPQR)
))
(/Users/r351574nc3/.texmf/tex/latex/minted.sty
Package: minted 2011/09/17 v1.7 Yet another Pygments shim for LaTeX

(/opt/local/share/texmf-texlive-dist/tex/latex/graphics/keyval.sty
Package: keyval 1999/03/16 v1.13 key=value parser (DPC)
\KV@toks@=\toks14
)
(/opt/local/share/texmf-texlive-dist/tex/latex/fancyvrb/fancyvrb.sty
Package: fancyvrb 2008/02/07

Style option: `fancyvrb' v2.7a, with DG/SPQR fixes, and firstline=lastline fix 
<2008/02/07> (tvz)
\FV@CodeLineNo=\count89
\FV@InFile=\read1
\FV@TabBox=\box26
\c@FancyVerbLine=\count90
\FV@StepNumber=\count91
\FV@OutFile=\write3
)
(/opt/local/share/texmf-texlive-dist/tex/latex/xcolor/xcolor.sty
Package: xcolor 2007/01/21 v2.11 LaTeX color extensions (UK)

(/opt/local/share/texmf-texlive-dist/tex/latex/latexconfig/color.cfg
File: color.cfg 2007/01/18 v1.5 color configuration of teTeX/TeXLive
)
Package xcolor Info: Driver file: pdftex.def on input line 225.
LaTeX Info: Redefining \color on input line 702.
Package xcolor Info: Model `cmy' substituted by `cmy0' on input line 1337.
Package xcolor Info: Model `hsb' substituted by `rgb' on input line 1341.
Package xcolor Info: Model `RGB' extended on input line 1353.
Package xcolor Info: Model `HTML' substituted by `rgb' on input line 1355.
Package xcolor Info: Model `Hsb' substituted by `hsb' on input line 1356.
Package xcolor Info: Model `tHsb' substituted by `hsb' on input line 1357.
Package xcolor Info: Model `HSB' substituted by `hsb' on input line 1358.
Package xcolor Info: Model `Gray' substituted by `gray' on input line 1359.
Package xcolor Info: Model `wave' substituted by `hsb' on input line 1360.
)
(/opt/local/share/texmf-texlive-dist/tex/latex/float/float.sty
Package: float 2001/11/08 v1.3d Float enhancements (AL)
\c@float@type=\count92
\float@exts=\toks15
\float@box=\box27
\@float@everytoks=\toks16
\@floatcapt=\box28
)
(/opt/local/share/texmf-texlive-dist/tex/latex/base/ifthen.sty
Package: ifthen 2001/05/26 v1.1c Standard LaTeX ifthen package (DPC)
)
(/opt/local/share/texmf-texlive-dist/tex/latex/tools/calc.sty
Package: calc 2007/08/22 v4.3 Infix arithmetic (KKT,FJ)
\calc@Acount=\count93
\calc@Bcount=\count94
\calc@Adimen=\dimen103
\calc@Bdimen=\dimen104
\calc@Askip=\skip43
\calc@Bskip=\skip44
LaTeX Info: Redefining \setlength on input line 76.
LaTeX Info: Redefining \addtolength on input line 77.
\calc@Ccount=\count95
\calc@Cskip=\skip45
)
(/Users/r351574nc3/.texmf/tex/latex/ifplatform.sty
Package: ifplatform 2010/10/22 v0.4 Testing for the operating system

(/opt/local/share/texmf-texlive-dist/tex/generic/oberdiek/pdftexcmds.sty
Package: pdftexcmds 2011/11/29 v0.20 Utility functions of pdfTeX for LuaTeX (HO
)

(/opt/local/share/texmf-texlive-dist/tex/generic/oberdiek/ifluatex.sty
Package: ifluatex 2010/03/01 v1.3 Provides the ifluatex switch (HO)
Package ifluatex Info: LuaTeX not detected.
)
(/opt/local/share/texmf-texlive-dist/tex/generic/oberdiek/ifpdf.sty
Package: ifpdf 2011/01/30 v2.3 Provides the ifpdf switch (HO)
Package ifpdf Info: pdfTeX in PDF mode is detected.
)
Package pdftexcmds Info: LuaTeX not detected.
Package pdftexcmds Info: \pdf@primitive is available.
Package pdftexcmds Info: \pdf@ifprimitive is available.
Package pdftexcmds Info: \pdfdraftmode found.
)
(/opt/local/share/texmf-texlive-dist/tex/generic/oberdiek/catchfile.sty
Package: catchfile 2011/03/01 v1.6 Catch the contents of a file (HO)

(/opt/local/share/texmf-texlive-dist/tex/generic/oberdiek/etexcmds.sty
Package: etexcmds 2011/02/16 v1.5 Avoid name clashes with e-TeX commands (HO)
Package etexcmds Info: Could not find \expanded.
(etexcmds)             That can mean that you are not using pdfTeX 1.50 or
(etexcmds)             that some package has redefined \expanded.
(etexcmds)             In the latter case, load this package earlier.
))
runsystem(uname -s > "Exercises.w18")...executed.


(./Exercises.w18)
runsystem(rm -- "Exercises.w18")...executed.

)
\minted@bgbox=\box29
\minted@code=\write4
\@float@every@listing=\toks17
\c@listing=\count96
)
runsystem(which pygmentize && touch Exercises.aex)...executed.

runsystem(rm Exercises.aex)...executed.


(/opt/local/share/texmf-texlive-dist/tex/latex/graphics/graphicx.sty
Package: graphicx 1999/02/16 v1.0f Enhanced LaTeX Graphics (DPC,SPQR)

(/opt/local/share/texmf-texlive-dist/tex/latex/graphics/graphics.sty
Package: graphics 2009/02/05 v1.0o Standard LaTeX Graphics (DPC,SPQR)

(/opt/local/share/texmf-texlive-dist/tex/latex/graphics/trig.sty
Package: trig 1999/03/16 v1.09 sin cos tan (DPC)
)
(/opt/local/share/texmf-texlive-dist/tex/latex/latexconfig/graphics.cfg
File: graphics.cfg 2010/04/23 v1.9 graphics configuration of TeX Live
)
Package graphics Info: Driver file: pdftex.def on input line 91.
)
\Gin@req@height=\dimen105
\Gin@req@width=\dimen106
)
(/opt/local/share/texmf-texlive-dist/tex/latex/oberdiek/epstopdf.sty
Package: epstopdf 2010/02/09 v2.5 Conversion with epstopdf on the fly (HO)

(/opt/local/share/texmf-texlive-dist/tex/latex/oberdiek/epstopdf-base.sty
Package: epstopdf-base 2010/02/09 v2.5 Base part for package epstopdf

(/opt/local/share/texmf-texlive-dist/tex/latex/oberdiek/grfext.sty
Package: grfext 2010/08/19 v1.1 Manage graphics extensions (HO)

(/opt/local/share/texmf-texlive-dist/tex/generic/oberdiek/kvdefinekeys.sty
Package: kvdefinekeys 2011/04/07 v1.3 Define keys (HO)
))
(/opt/local/share/texmf-texlive-dist/tex/latex/oberdiek/kvoptions.sty
Package: kvoptions 2011/06/30 v3.11 Key value format for package options (HO)

(/opt/local/share/texmf-texlive-dist/tex/generic/oberdiek/kvsetkeys.sty
Package: kvsetkeys 2012/04/25 v1.16 Key value parser (HO)
))
Package grfext Info: Graphics extension search list:
(grfext)             [.png,.pdf,.jpg,.mps,.jpeg,.jbig2,.jb2,.PNG,.PDF,.JPG,.JPE
G,.JBIG2,.JB2,.eps]
(grfext)             \AppendGraphicsExtensions on input line 452.

(/opt/local/share/texmf-texlive-dist/tex/latex/latexconfig/epstopdf-sys.cfg
File: epstopdf-sys.cfg 2010/07/13 v1.3 Configuration of (r)epstopdf for TeX Liv
e
)))
(/opt/local/share/texmf-texlive-dist/tex/latex/listings/listings.sty
\lst@mode=\count97
\lst@gtempboxa=\box30
\lst@token=\toks18
\lst@length=\count98
\lst@currlwidth=\dimen107
\lst@column=\count99
\lst@pos=\count100
\lst@lostspace=\dimen108
\lst@width=\dimen109
\lst@newlines=\count101
\lst@lineno=\count102
\lst@maxwidth=\dimen110

(/opt/local/share/texmf-texlive-dist/tex/latex/listings/lstmisc.sty
File: lstmisc.sty 2007/02/22 1.4 (Carsten Heinz)
\c@lstnumber=\count103
\lst@skipnumbers=\count104
\lst@framebox=\box31
)
(/opt/local/share/texmf-texlive-dist/tex/latex/listings/listings.cfg
File: listings.cfg 2007/02/22 1.4 listings configuration
))
Package: listings 2007/02/22 1.4 (Carsten Heinz)

(/opt/local/share/texmf-texlive-dist/tex/latex/fancyhdr/fancyhdr.sty
\fancy@headwidth=\skip46
\f@ncyO@elh=\skip47
\f@ncyO@erh=\skip48
\f@ncyO@olh=\skip49
\f@ncyO@orh=\skip50
\f@ncyO@elf=\skip51
\f@ncyO@erf=\skip52
\f@ncyO@olf=\skip53
\f@ncyO@orf=\skip54
)
(/opt/local/share/texmf-texlive-dist/tex/latex/hyperref/hyperref.sty
Package: hyperref 2012/05/13 v6.82q Hypertext links for LaTeX

(/opt/local/share/texmf-texlive-dist/tex/generic/oberdiek/hobsub-hyperref.sty
Package: hobsub-hyperref 2012/05/28 v1.13 Bundle oberdiek, subset hyperref (HO)


(/opt/local/share/texmf-texlive-dist/tex/generic/oberdiek/hobsub-generic.sty
Package: hobsub-generic 2012/05/28 v1.13 Bundle oberdiek, subset generic (HO)
Package: hobsub 2012/05/28 v1.13 Construct package bundles (HO)
Package hobsub Info: Skipping package `infwarerr' (already loaded).
Package hobsub Info: Skipping package `ltxcmds' (already loaded).
Package hobsub Info: Skipping package `ifluatex' (already loaded).
Package: ifvtex 2010/03/01 v1.5 Detect VTeX and its facilities (HO)
Package ifvtex Info: VTeX not detected.
Package: intcalc 2007/09/27 v1.1 Expandable calculations with integers (HO)
Package hobsub Info: Skipping package `ifpdf' (already loaded).
Package hobsub Info: Skipping package `etexcmds' (already loaded).
Package hobsub Info: Skipping package `kvsetkeys' (already loaded).
Package hobsub Info: Skipping package `kvdefinekeys' (already loaded).
Package hobsub Info: Skipping package `pdftexcmds' (already loaded).
Package: pdfescape 2011/11/25 v1.13 Implements pdfTeX's escape features (HO)
Package: bigintcalc 2012/04/08 v1.3 Expandable calculations on big integers (HO
)
Package: bitset 2011/01/30 v1.1 Handle bit-vector datatype (HO)
Package: uniquecounter 2011/01/30 v1.2 Provide unlimited unique counter (HO)
)
Package hobsub Info: Skipping package `hobsub' (already loaded).
Package: letltxmacro 2010/09/02 v1.4 Let assignment for LaTeX macros (HO)
Package: hopatch 2012/05/28 v1.2 Wrapper for package hooks (HO)
Package: xcolor-patch 2011/01/30 xcolor patch
Package: atveryend 2011/06/30 v1.8 Hooks at the very end of document (HO)
Package atveryend Info: \enddocument detected (standard20110627).
Package: atbegshi 2011/10/05 v1.16 At begin shipout hook (HO)
Package: refcount 2011/10/16 v3.4 Data extraction from label references (HO)
Package: hycolor 2011/01/30 v1.7 Color options for hyperref/bookmark (HO)
)
(/opt/local/share/texmf-texlive-dist/tex/generic/ifxetex/ifxetex.sty
Package: ifxetex 2010/09/12 v0.6 Provides ifxetex conditional
)
\@linkdim=\dimen111
\Hy@linkcounter=\count105
\Hy@pagecounter=\count106

(/opt/local/share/texmf-texlive-dist/tex/latex/hyperref/pd1enc.def
File: pd1enc.def 2012/05/13 v6.82q Hyperref: PDFDocEncoding definition (HO)
)
\Hy@SavedSpaceFactor=\count107

(/opt/local/share/texmf-texlive-dist/tex/latex/latexconfig/hyperref.cfg
File: hyperref.cfg 2002/06/06 v1.2 hyperref configuration of TeXLive
)
Package hyperref Info: Hyper figures OFF on input line 4062.
Package hyperref Info: Link nesting OFF on input line 4067.
Package hyperref Info: Hyper index ON on input line 4070.
Package hyperref Info: Plain pages OFF on input line 4077.
Package hyperref Info: Backreferencing OFF on input line 4082.
Package hyperref Info: Implicit mode ON; LaTeX internals redefined.
Package hyperref Info: Bookmarks ON on input line 4300.
\c@Hy@tempcnt=\count108

(/opt/local/share/texmf-texlive-dist/tex/latex/url/url.sty
\Urlmuskip=\muskip10
Package: url 2006/04/12  ver 3.3  Verb mode for urls, etc.
)
LaTeX Info: Redefining \url on input line 4653.
\Fld@menulength=\count109
\Field@Width=\dimen112
\Fld@charsize=\dimen113
Package hyperref Info: Hyper figures OFF on input line 5773.
Package hyperref Info: Link nesting OFF on input line 5778.
Package hyperref Info: Hyper index ON on input line 5781.
Package hyperref Info: backreferencing OFF on input line 5788.
Package hyperref Info: Link coloring OFF on input line 5793.
Package hyperref Info: Link coloring with OCG OFF on input line 5798.
Package hyperref Info: PDF/A mode OFF on input line 5803.
LaTeX Info: Redefining \ref on input line 5843.
LaTeX Info: Redefining \pageref on input line 5847.
\Hy@abspage=\count110
\c@Item=\count111
\c@Hfootnote=\count112
)

Package hyperref Message: Driver (autodetected): hpdftex.

(/opt/local/share/texmf-texlive-dist/tex/latex/hyperref/hpdftex.def
File: hpdftex.def 2012/05/13 v6.82q Hyperref driver for pdfTeX
\Fld@listcount=\count113
\c@bookmark@seq@number=\count114

(/opt/local/share/texmf-texlive-dist/tex/latex/oberdiek/rerunfilecheck.sty
Package: rerunfilecheck 2011/04/15 v1.7 Rerun checks for auxiliary files (HO)
Package uniquecounter Info: New unique counter `rerunfilecheck' on input line 2
82.
)
\Hy@SectionHShift=\skip55
)
Package hyperref Info: Option `colorlinks' set `true' on input line 16.
Package hyperref Info: Option `linktocpage' set `true' on input line 17.

(./Exercises.aux (./Exercise1.aux) (./Exercise2.aux) (./Exercise3.aux))
\openout1 = `Exercises.aux'.

LaTeX Font Info:    Checking defaults for OML/cmm/m/it on input line 28.
LaTeX Font Info:    ... okay on input line 28.
LaTeX Font Info:    Checking defaults for T1/cmr/m/n on input line 28.
LaTeX Font Info:    ... okay on input line 28.
LaTeX Font Info:    Checking defaults for OT1/cmr/m/n on input line 28.
LaTeX Font Info:    ... okay on input line 28.
LaTeX Font Info:    Checking defaults for OMS/cmsy/m/n on input line 28.
LaTeX Font Info:    ... okay on input line 28.
LaTeX Font Info:    Checking defaults for OMX/cmex/m/n on input line 28.
LaTeX Font Info:    ... okay on input line 28.
LaTeX Font Info:    Checking defaults for U/cmr/m/n on input line 28.
LaTeX Font Info:    ... okay on input line 28.
LaTeX Font Info:    Checking defaults for PD1/pdf/m/n on input line 28.
LaTeX Font Info:    ... okay on input line 28.

(/opt/local/share/texmf-texlive-dist/tex/context/base/supp-pdf.mkii
[Loading MPS to PDF converter (version 2006.09.02).]
\scratchcounter=\count115
\scratchdimen=\dimen114
\scratchbox=\box32
\nofMPsegments=\count116
\nofMParguments=\count117
\everyMPshowfont=\toks19
\MPscratchCnt=\count118
\MPscratchDim=\dimen115
\MPnumerator=\count119
\makeMPintoPDFobject=\count120
\everyMPtoPDFconversion=\toks20
)
runsystem(pygmentize -S default -f latex > Exercises.pyg)...executed.

 (./Exercises.pyg)
\c@lstlisting=\count121
\AtBeginShipoutBox=\box33
Package hyperref Info: Link coloring ON on input line 28.

(/opt/local/share/texmf-texlive-dist/tex/latex/hyperref/nameref.sty
Package: nameref 2010/04/30 v2.40 Cross-referencing by name of section

(/opt/local/share/texmf-texlive-dist/tex/generic/oberdiek/gettitlestring.sty
Package: gettitlestring 2010/12/03 v1.4 Cleanup title references (HO)
)
\c@section@level=\count122
)
LaTeX Info: Redefining \ref on input line 28.
LaTeX Info: Redefining \pageref on input line 28.
LaTeX Info: Redefining \nameref on input line 28.

(./Exercises.out) (./Exercises.out)
\@outlinefile=\write5
\openout5 = `Exercises.out'.


<cover.png, id=100, 324.0105pt x 121.8954pt>
File: cover.png Graphic file (type png)
 <use cover.png>
Package pdftex.def Info: cover.png used on input line 30.
(pdftex.def)             Requested size: 390.0pt x 146.72385pt.
LaTeX Font Info:    External font `cmex10' loaded for size
(Font)              <14.4> on input line 30.
LaTeX Font Info:    External font `cmex10' loaded for size
(Font)              <7> on input line 30.
 [1

{/opt/local/var/db/texmf/fonts/map/pdftex/updmap/pdftex.map} <./cover.png>]
<heading.png, id=110, 48.18pt x 18.0675pt>
File: heading.png Graphic file (type png)
 <use heading.png>
Package pdftex.def Info: heading.png used on input line 30.
(pdftex.def)             Requested size: 69.3372pt x 26.0pt.


Package Fancyhdr Warning: \headheight is too small (12.0pt): 
 Make it at least 30.35004pt.
 We now make it that large for the rest of the document.
 This may cause the page layout to be inconsistent, however.

[2

 <./heading.png>] (./Exercises.toc

Package xcolor Warning: Incompatible color definition on input line 1.

LaTeX Font Info:    External font `cmex10' loaded for size
(Font)              <12> on input line 2.
LaTeX Font Info:    External font `cmex10' loaded for size
(Font)              <8> on input line 2.
LaTeX Font Info:    External font `cmex10' loaded for size
(Font)              <6> on input line 2.

Package xcolor Warning: Incompatible color definition on input line 2.


Package xcolor Warning: Incompatible color definition on input line 3.


Package xcolor Warning: Incompatible color definition on input line 4.


Package xcolor Warning: Incompatible color definition on input line 5.


Package xcolor Warning: Incompatible color definition on input line 6.


Package xcolor Warning: Incompatible color definition on input line 7.


Package xcolor Warning: Incompatible color definition on input line 8.


Package xcolor Warning: Incompatible color definition on input line 9.


Package xcolor Warning: Incompatible color definition on input line 10.


Package xcolor Warning: Incompatible color definition on input line 11.


Package xcolor Warning: Incompatible color definition on input line 12.


Package xcolor Warning: Incompatible color definition on input line 13.


Package xcolor Warning: Incompatible color definition on input line 14.


Package xcolor Warning: Incompatible color definition on input line 15.


Package xcolor Warning: Incompatible color definition on input line 16.


Package xcolor Warning: Incompatible color definition on input line 17.


Package xcolor Warning: Incompatible color definition on input line 18.


Package xcolor Warning: Incompatible color definition on input line 19.


Package xcolor Warning: Incompatible color definition on input line 23.


Package xcolor Warning: Incompatible color definition on input line 24.


Package xcolor Warning: Incompatible color definition on input line 25.


Package xcolor Warning: Incompatible color definition on input line 26.


Package xcolor Warning: Incompatible color definition on input line 27.

)
\tf@toc=\write6
\openout6 = `Exercises.toc'.

 [3]
File: heading.png Graphic file (type png)
 <use heading.png>
Package pdftex.def Info: heading.png used on input line 33.
(pdftex.def)             Requested size: 69.3372pt x 26.0pt.


Package Fancyhdr Warning: \headheight is too small (12.0pt): 
 Make it at least 30.35004pt.
 We now make it that large for the rest of the document.
 This may cause the page layout to be inconsistent, however.

[4] [5

] [6]

Package hyperref Warning: Difference (2) between bookmark levels is greater 
(hyperref)                than one, level fixed on input line 35.


Package hyperref Warning: Difference (2) between bookmark levels is greater 
(hyperref)                than one, level fixed on input line 37.

LaTeX Font Info:    Try loading font information for OMS+cmr on input line 39.
(/opt/local/share/texmf-texlive-dist/tex/latex/base/omscmr.fd
File: omscmr.fd 1999/05/25 v2.5h Standard LaTeX font definitions
)
LaTeX Font Info:    Font shape `OMS/cmr/m/n' in size <12> not available
(Font)              Font shape `OMS/cmsy/m/n' tried instead on input line 39.

Overfull \hbox (128.80527pt too wide) in paragraph at lines 45--46
\OT1/cmr/m/n/12 3.0 United States Li-cense. To view a copy of this li-cense, vi
sit http://creativecommons.org/licenses/by-
 []

\openout3 = `Exercises.pyg'.

runsystem(pygmentize -l sh -f latex -F tokenmerge             -P "verboptions= 
" -o Exercises.out.pyg Exercises.pyg)...executed.

(./Exercises.out.pyg
File: heading.png Graphic file (type png)
 <use heading.png>
Package pdftex.def Info: heading.png used on input line 1.
(pdftex.def)             Requested size: 69.3372pt x 26.0pt.


Package Fancyhdr Warning: \headheight is too small (12.0pt): 
 Make it at least 30.35004pt.
 We now make it that large for the rest of the document.
 This may cause the page layout to be inconsistent, however.

[7])
runsystem(rm Exercises.out.pyg)...executed.

runsystem(rm Exercises.pyg)...executed.

\openout3 = `Exercises.pyg'.

runsystem(pygmentize -l sh -f latex -F tokenmerge             -P "verboptions= 
" -o Exercises.out.pyg Exercises.pyg)...executed.

 (./Exercises.out.pyg)
runsystem(rm Exercises.out.pyg)...executed.

runsystem(rm Exercises.pyg)...executed.

\openout3 = `Exercises.pyg'.

runsystem(pygmentize -l sh -f latex -F tokenmerge             -P "verboptions= 
" -o Exercises.out.pyg Exercises.pyg)...executed.

 (./Exercises.out.pyg)
runsystem(rm Exercises.out.pyg)...executed.

runsystem(rm Exercises.pyg)...executed.

\openout3 = `Exercises.pyg'.

runsystem(pygmentize -l sh -f latex -F tokenmerge             -P "verboptions= 
" -o Exercises.out.pyg Exercises.pyg)...executed.

 (./Exercises.out.pyg)
runsystem(rm Exercises.out.pyg)...executed.

runsystem(rm Exercises.pyg)...executed.


Overfull \hbox (100.73514pt too wide) in paragraph at lines 113--118
[]\OT1/cmr/m/n/12 uses the jdbc con-nec-tion string \OT1/cmr/bx/n/12 jdbc:mysql
://localhost:3306/kuldemo
 []

File: heading.png Graphic file (type png)
<use heading.png>
Package pdftex.def Info: heading.png used on input line 118.
(pdftex.def)             Requested size: 69.3372pt x 26.0pt.


Package Fancyhdr Warning: \headheight is too small (12.0pt): 
 Make it at least 30.35004pt.
 We now make it that large for the rest of the document.
 This may cause the page layout to be inconsistent, however.

[8]
File: heading.png Graphic file (type png)
 <use heading.png>
Package pdftex.def Info: heading.png used on input line 127.
(pdftex.def)             Requested size: 69.3372pt x 26.0pt.


Package Fancyhdr Warning: \headheight is too small (12.0pt): 
 Make it at least 30.35004pt.
 We now make it that large for the rest of the document.
 This may cause the page layout to be inconsistent, however.

[9]
\openout2 = `Exercise1.aux'.

 (./Exercise1.tex
File: heading.png Graphic file (type png)
 <use heading.png>
Package pdftex.def Info: heading.png used on input line 2.
(pdftex.def)             Requested size: 69.3372pt x 26.0pt.


Package Fancyhdr Warning: \headheight is too small (12.0pt): 
 Make it at least 30.35004pt.
 We now make it that large for the rest of the document.
 This may cause the page layout to be inconsistent, however.

[10


] [11] [12]

Package hyperref Warning: Difference (2) between bookmark levels is greater 
(hyperref)                than one, level fixed on input line 5.


Package hyperref Warning: Difference (2) between bookmark levels is greater 
(hyperref)                than one, level fixed on input line 12.

File: heading.png Graphic file (type png)
<use heading.png>
Package pdftex.def Info: heading.png used on input line 22.
(pdftex.def)             Requested size: 69.3372pt x 26.0pt.


Package Fancyhdr Warning: \headheight is too small (12.0pt): 
 Make it at least 30.35004pt.
 We now make it that large for the rest of the document.
 This may cause the page layout to be inconsistent, however.

[13])
File: heading.png Graphic file (type png)
 <use heading.png>
Package pdftex.def Info: heading.png used on input line 127.
(pdftex.def)             Requested size: 69.3372pt x 26.0pt.


Package Fancyhdr Warning: \headheight is too small (12.0pt): 
 Make it at least 30.35004pt.
 We now make it that large for the rest of the document.
 This may cause the page layout to be inconsistent, however.

[14]
\openout2 = `Exercise2.aux'.

 (./Exercise2.tex [15



] [16]

Package hyperref Warning: Difference (2) between bookmark levels is greater 
(hyperref)                than one, level fixed on input line 5.


Package hyperref Warning: Difference (2) between bookmark levels is greater 
(hyperref)                than one, level fixed on input line 12.

\openout3 = `Exercises.pyg'.

runsystem(pygmentize -l yaml -f latex -F tokenmerge             -P "verboptions
= " -o Exercises.out.pyg Exercises.pyg)...executed.

(./Exercises.out.pyg)
runsystem(rm Exercises.out.pyg)...executed.

runsystem(rm Exercises.pyg)...executed.

\openout3 = `Exercises.pyg'.

runsystem(pygmentize -l yaml -f latex -F tokenmerge             -P "verboptions
= " -o Exercises.out.pyg Exercises.pyg)...executed.

 (./Exercises.out.pyg)
runsystem(rm Exercises.out.pyg)...executed.

runsystem(rm Exercises.pyg)...executed.

\openout3 = `Exercises.pyg'.

runsystem(pygmentize -l yaml -f latex -F tokenmerge             -P "verboptions
= " -o Exercises.out.pyg Exercises.pyg)...executed.

 (./Exercises.out.pyg)
runsystem(rm Exercises.out.pyg)...executed.

runsystem(rm Exercises.pyg)...executed.

\openout3 = `Exercises.pyg'.

runsystem(pygmentize -l yaml -f latex -F tokenmerge             -P "verboptions
= " -o Exercises.out.pyg Exercises.pyg)...executed.


(./Exercises.out.pyg
File: heading.png Graphic file (type png)
 <use heading.png>
Package pdftex.def Info: heading.png used on input line 1.
(pdftex.def)             Requested size: 69.3372pt x 26.0pt.


Package Fancyhdr Warning: \headheight is too small (12.0pt): 
 Make it at least 30.35004pt.
 We now make it that large for the rest of the document.
 This may cause the page layout to be inconsistent, however.

[17])
runsystem(rm Exercises.out.pyg)...executed.

runsystem(rm Exercises.pyg)...executed.

\openout3 = `Exercises.pyg'.

runsystem(pygmentize -l sh -f latex -F tokenmerge             -P "verboptions= 
" -o Exercises.out.pyg Exercises.pyg)...executed.

 (./Exercises.out.pyg)
runsystem(rm Exercises.out.pyg)...executed.

runsystem(rm Exercises.pyg)...executed.

File: heading.png Graphic file (type png)
 <use heading.png>
Package pdftex.def Info: heading.png used on input line 65.
(pdftex.def)             Requested size: 69.3372pt x 26.0pt.


Package Fancyhdr Warning: \headheight is too small (12.0pt): 
 Make it at least 30.35004pt.
 We now make it that large for the rest of the document.
 This may cause the page layout to be inconsistent, however.

[18])
File: heading.png Graphic file (type png)
 <use heading.png>
Package pdftex.def Info: heading.png used on input line 128.
(pdftex.def)             Requested size: 69.3372pt x 26.0pt.


Package Fancyhdr Warning: \headheight is too small (12.0pt): 
 Make it at least 30.35004pt.
 We now make it that large for the rest of the document.
 This may cause the page layout to be inconsistent, however.

[19]
\openout2 = `Exercise3.aux'.

 (./Exercise3.tex
File: heading.png Graphic file (type png)
 <use heading.png>
Package pdftex.def Info: heading.png used on input line 2.
(pdftex.def)             Requested size: 69.3372pt x 26.0pt.


Package Fancyhdr Warning: \headheight is too small (12.0pt): 
 Make it at least 30.35004pt.
 We now make it that large for the rest of the document.
 This may cause the page layout to be inconsistent, however.

[20



] [21] [22]

Package hyperref Warning: Difference (2) between bookmark levels is greater 
(hyperref)                than one, level fixed on input line 5.


Package hyperref Warning: Difference (2) between bookmark levels is greater 
(hyperref)                than one, level fixed on input line 12.

\openout3 = `Exercises.pyg'.

runsystem(pygmentize -l sh -f latex -F tokenmerge             -P "verboptions= 
" -o Exercises.out.pyg Exercises.pyg)...executed.

(./Exercises.out.pyg)
runsystem(rm Exercises.out.pyg)...executed.

runsystem(rm Exercises.pyg)...executed.

\openout3 = `Exercises.pyg'.

runsystem(pygmentize -l sql -f latex -F tokenmerge             -P "verboptions=
 " -o Exercises.out.pyg Exercises.pyg)...executed.

 (./Exercises.out.pyg
LaTeX Font Info:    Font shape `OT1/cmtt/bx/n' in size <12> not available
(Font)              Font shape `OT1/cmtt/m/n' tried instead on input line 2.
)
runsystem(rm Exercises.out.pyg)...executed.

runsystem(rm Exercises.pyg)...executed.

File: heading.png Graphic file (type png)
 <use heading.png>
Package pdftex.def Info: heading.png used on input line 44.
(pdftex.def)             Requested size: 69.3372pt x 26.0pt.


Package Fancyhdr Warning: \headheight is too small (12.0pt): 
 Make it at least 30.35004pt.
 We now make it that large for the rest of the document.
 This may cause the page layout to be inconsistent, however.

[23])
File: heading.png Graphic file (type png)
 <use heading.png>
Package pdftex.def Info: heading.png used on input line 129.
(pdftex.def)             Requested size: 69.3372pt x 26.0pt.


Package Fancyhdr Warning: \headheight is too small (12.0pt): 
 Make it at least 30.35004pt.
 We now make it that large for the rest of the document.
 This may cause the page layout to be inconsistent, however.

[24]
Package atveryend Info: Empty hook `BeforeClearDocument' on input line 135.
Package atveryend Info: Empty hook `AfterLastShipout' on input line 135.
 (./Exercises.aux (./Exercise1.aux) (./Exercise2.aux) (./Exercise3.aux))
Package atveryend Info: Executing hook `AtVeryEndDocument' on input line 135.
Package atveryend Info: Executing hook `AtEndAfterFileList' on input line 135.
Package rerunfilecheck Info: File `Exercises.out' has not changed.
(rerunfilecheck)             Checksum: 0E8E0B9106ED528F640BD26D2D5E8C84;1483.
Package atveryend Info: Empty hook `AtVeryVeryEnd' on input line 135.
 ) 
Here is how much of TeX's memory you used:
 7944 strings out of 494763
 117157 string characters out of 3171442
 211937 words of memory out of 3000000
 10958 multiletter control sequences out of 15000+200000
 9930 words of font info for 35 fonts, out of 3000000 for 9000
 134 hyphenation exceptions out of 8191
 37i,15n,43p,305b,520s stack positions out of 5000i,500n,10000p,200000b,50000s
</opt/local/share/texmf-texlive-dist/fonts/type1/public/amsfonts/cm/cmbx12.pf
b></opt/local/share/texmf-texlive-dist/fonts/type1/public/amsfonts/cm/cmr12.pfb
></opt/local/share/texmf-texlive-dist/fonts/type1/public/amsfonts/cm/cmr17.pfb>
</opt/local/share/texmf-texlive-dist/fonts/type1/public/amsfonts/cm/cmsy10.pfb>
</opt/local/share/texmf-texlive-dist/fonts/type1/public/amsfonts/cm/cmti12.pfb>
</opt/local/share/texmf-texlive-dist/fonts/type1/public/amsfonts/cm/cmtt12.pfb>

Output written on Exercises.pdf (24 pages, 128098 bytes).
PDF statistics:
 293 PDF objects out of 1000 (max. 8388607)
 254 compressed objects within 3 object streams
 67 named destinations out of 1000 (max. 500000)
 203 words of extra memory for PDF output out of 10000 (max. 10000000)

