\BOOKMARK [-1][-]{chapter*.1}{Preface}{}% 1
\BOOKMARK [0][-]{part*.2}{Copyright}{chapter*.1}% 2
\BOOKMARK [1][-]{section*.3}{Copyright Holder}{part*.2}% 3
\BOOKMARK [2][-]{section*.4}{Disclaimer}{section*.3}% 4
\BOOKMARK [1][-]{section*.5}{About the Trainer}{part*.2}% 5
\BOOKMARK [1][-]{section*.6}{Using these Exercises}{part*.2}% 6
\BOOKMARK [2][-]{section*.7}{VirtualBox Appliance}{section*.6}% 7
\BOOKMARK [2][-]{Item.7}{Virtual Machine Manifest}{section*.6}% 8
\BOOKMARK [1][-]{section*.11}{Training Overview}{part*.2}% 9
\BOOKMARK [-1][-]{section*.12}{Exercise 1: Import Project}{}% 10
\BOOKMARK [0][-]{part*.13}{Exercise 1: Import Project}{section*.12}% 11
\BOOKMARK [1][-]{section*.14}{Description}{part*.13}% 12
\BOOKMARK [2][-]{section*.15}{Goals}{section*.14}% 13
\BOOKMARK [2][-]{section*.16}{Instructions}{section*.14}% 14
\BOOKMARK [-1][-]{section*.18}{Exercise 2: Database Setup}{}% 15
\BOOKMARK [0][-]{part*.19}{Exercise 2: Database Setup}{section*.18}% 16
\BOOKMARK [1][-]{section*.20}{Description}{part*.19}% 17
\BOOKMARK [2][-]{section*.21}{Goals}{section*.20}% 18
\BOOKMARK [2][-]{section*.22}{Instructions}{section*.20}% 19
\BOOKMARK [-1][-]{section*.27}{Exercise 3: Create Business Object Table}{}% 20
\BOOKMARK [0][-]{part*.28}{Exercise 3: Create Business Object Table}{section*.27}% 21
\BOOKMARK [1][-]{section*.29}{Description}{part*.28}% 22
\BOOKMARK [2][-]{section*.30}{Goals}{section*.29}% 23
\BOOKMARK [2][-]{section*.31}{Instructions}{section*.29}% 24
