This is pdfTeX, Version 3.1415926-2.4-1.40.13 (TeX Live 2012/MacPorts 2012_2) (format=pdflatex 2012.8.27)  9 OCT 2012 00:38
entering extended mode
 restricted \write18 enabled.
 %&-line parsing enabled.
**Liquibase_Continuous_Deployment.tex
(./Liquibase_Continuous_Deployment.tex
LaTeX2e <2011/06/27>
Babel <v3.8m> and hyphenation patterns for english, dumylang, nohyphenation, cz
ech, slovak, dutch, ukenglish, usenglishmax, basque, french, german-x-2012-05-3
0, ngerman-x-2012-05-30, german, ngerman, swissgerman, italian, polish, portugu
ese, spanish, catalan, galician, loaded.
(/opt/local/share/texmf-texlive-dist/tex/latex/base/article.cls
Document Class: article 2007/10/19 v1.4h Standard LaTeX document class
(/opt/local/share/texmf-texlive-dist/tex/latex/base/size12.clo
File: size12.clo 2007/10/19 v1.4h Standard LaTeX file (size option)
)
\c@part=\count79
\c@section=\count80
\c@subsection=\count81
\c@subsubsection=\count82
\c@paragraph=\count83
\c@subparagraph=\count84
\c@figure=\count85
\c@table=\count86
\abovecaptionskip=\skip41
\belowcaptionskip=\skip42
\bibindent=\dimen102
)
(/opt/local/share/texmf-texlive-dist/tex/latex/fancyhdr/fancyhdr.sty
\fancy@headwidth=\skip43
\f@ncyO@elh=\skip44
\f@ncyO@erh=\skip45
\f@ncyO@olh=\skip46
\f@ncyO@orh=\skip47
\f@ncyO@elf=\skip48
\f@ncyO@erf=\skip49
\f@ncyO@olf=\skip50
\f@ncyO@orf=\skip51
)
(/opt/local/share/texmf-texlive-dist/tex/latex/graphics/graphicx.sty
Package: graphicx 1999/02/16 v1.0f Enhanced LaTeX Graphics (DPC,SPQR)

(/opt/local/share/texmf-texlive-dist/tex/latex/graphics/keyval.sty
Package: keyval 1999/03/16 v1.13 key=value parser (DPC)
\KV@toks@=\toks14
)
(/opt/local/share/texmf-texlive-dist/tex/latex/graphics/graphics.sty
Package: graphics 2009/02/05 v1.0o Standard LaTeX Graphics (DPC,SPQR)

(/opt/local/share/texmf-texlive-dist/tex/latex/graphics/trig.sty
Package: trig 1999/03/16 v1.09 sin cos tan (DPC)
)
(/opt/local/share/texmf-texlive-dist/tex/latex/latexconfig/graphics.cfg
File: graphics.cfg 2010/04/23 v1.9 graphics configuration of TeX Live
)
Package graphics Info: Driver file: pdftex.def on input line 91.

(/opt/local/share/texmf-texlive-dist/tex/latex/pdftex-def/pdftex.def
File: pdftex.def 2011/05/27 v0.06d Graphics/color for pdfTeX

(/opt/local/share/texmf-texlive-dist/tex/generic/oberdiek/infwarerr.sty
Package: infwarerr 2010/04/08 v1.3 Providing info/warning/error messages (HO)
)
(/opt/local/share/texmf-texlive-dist/tex/generic/oberdiek/ltxcmds.sty
Package: ltxcmds 2011/11/09 v1.22 LaTeX kernel commands for general use (HO)
)
\Gread@gobject=\count87
))
\Gin@req@height=\dimen103
\Gin@req@width=\dimen104
)
(/opt/local/share/texmf-texlive-dist/tex/latex/hyperref/hyperref.sty
Package: hyperref 2012/05/13 v6.82q Hypertext links for LaTeX

(/opt/local/share/texmf-texlive-dist/tex/generic/oberdiek/hobsub-hyperref.sty
Package: hobsub-hyperref 2012/05/28 v1.13 Bundle oberdiek, subset hyperref (HO)


(/opt/local/share/texmf-texlive-dist/tex/generic/oberdiek/hobsub-generic.sty
Package: hobsub-generic 2012/05/28 v1.13 Bundle oberdiek, subset generic (HO)
Package: hobsub 2012/05/28 v1.13 Construct package bundles (HO)
Package hobsub Info: Skipping package `infwarerr' (already loaded).
Package hobsub Info: Skipping package `ltxcmds' (already loaded).
Package: ifluatex 2010/03/01 v1.3 Provides the ifluatex switch (HO)
Package ifluatex Info: LuaTeX not detected.
Package: ifvtex 2010/03/01 v1.5 Detect VTeX and its facilities (HO)
Package ifvtex Info: VTeX not detected.
Package: intcalc 2007/09/27 v1.1 Expandable calculations with integers (HO)
Package: ifpdf 2011/01/30 v2.3 Provides the ifpdf switch (HO)
Package ifpdf Info: pdfTeX in PDF mode is detected.
Package: etexcmds 2011/02/16 v1.5 Avoid name clashes with e-TeX commands (HO)
Package etexcmds Info: Could not find \expanded.
(etexcmds)             That can mean that you are not using pdfTeX 1.50 or
(etexcmds)             that some package has redefined \expanded.
(etexcmds)             In the latter case, load this package earlier.
Package: kvsetkeys 2012/04/25 v1.16 Key value parser (HO)
Package: kvdefinekeys 2011/04/07 v1.3 Define keys (HO)
Package: pdftexcmds 2011/11/29 v0.20 Utility functions of pdfTeX for LuaTeX (HO
)
Package pdftexcmds Info: LuaTeX not detected.
Package pdftexcmds Info: \pdf@primitive is available.
Package pdftexcmds Info: \pdf@ifprimitive is available.
Package pdftexcmds Info: \pdfdraftmode found.
Package: pdfescape 2011/11/25 v1.13 Implements pdfTeX's escape features (HO)
Package: bigintcalc 2012/04/08 v1.3 Expandable calculations on big integers (HO
)
Package: bitset 2011/01/30 v1.1 Handle bit-vector datatype (HO)
Package: uniquecounter 2011/01/30 v1.2 Provide unlimited unique counter (HO)
)
Package hobsub Info: Skipping package `hobsub' (already loaded).
Package: letltxmacro 2010/09/02 v1.4 Let assignment for LaTeX macros (HO)
Package: hopatch 2012/05/28 v1.2 Wrapper for package hooks (HO)
Package: xcolor-patch 2011/01/30 xcolor patch
Package: atveryend 2011/06/30 v1.8 Hooks at the very end of document (HO)
Package atveryend Info: \enddocument detected (standard20110627).
Package: atbegshi 2011/10/05 v1.16 At begin shipout hook (HO)
Package: refcount 2011/10/16 v3.4 Data extraction from label references (HO)
Package: hycolor 2011/01/30 v1.7 Color options for hyperref/bookmark (HO)
)
(/opt/local/share/texmf-texlive-dist/tex/generic/ifxetex/ifxetex.sty
Package: ifxetex 2010/09/12 v0.6 Provides ifxetex conditional
)
(/opt/local/share/texmf-texlive-dist/tex/latex/oberdiek/kvoptions.sty
Package: kvoptions 2011/06/30 v3.11 Key value format for package options (HO)
)
\@linkdim=\dimen105
\Hy@linkcounter=\count88
\Hy@pagecounter=\count89

(/opt/local/share/texmf-texlive-dist/tex/latex/hyperref/pd1enc.def
File: pd1enc.def 2012/05/13 v6.82q Hyperref: PDFDocEncoding definition (HO)
)
\Hy@SavedSpaceFactor=\count90

(/opt/local/share/texmf-texlive-dist/tex/latex/latexconfig/hyperref.cfg
File: hyperref.cfg 2002/06/06 v1.2 hyperref configuration of TeXLive
)
Package hyperref Info: Hyper figures OFF on input line 4062.
Package hyperref Info: Link nesting OFF on input line 4067.
Package hyperref Info: Hyper index ON on input line 4070.
Package hyperref Info: Plain pages OFF on input line 4077.
Package hyperref Info: Backreferencing OFF on input line 4082.
Package hyperref Info: Implicit mode ON; LaTeX internals redefined.
Package hyperref Info: Bookmarks ON on input line 4300.
\c@Hy@tempcnt=\count91

(/opt/local/share/texmf-texlive-dist/tex/latex/url/url.sty
\Urlmuskip=\muskip10
Package: url 2006/04/12  ver 3.3  Verb mode for urls, etc.
)
LaTeX Info: Redefining \url on input line 4653.
\Fld@menulength=\count92
\Field@Width=\dimen106
\Fld@charsize=\dimen107
Package hyperref Info: Hyper figures OFF on input line 5773.
Package hyperref Info: Link nesting OFF on input line 5778.
Package hyperref Info: Hyper index ON on input line 5781.
Package hyperref Info: backreferencing OFF on input line 5788.
Package hyperref Info: Link coloring OFF on input line 5793.
Package hyperref Info: Link coloring with OCG OFF on input line 5798.
Package hyperref Info: PDF/A mode OFF on input line 5803.
LaTeX Info: Redefining \ref on input line 5843.
LaTeX Info: Redefining \pageref on input line 5847.
\Hy@abspage=\count93
\c@Item=\count94
\c@Hfootnote=\count95
)

Package hyperref Message: Driver (autodetected): hpdftex.

(/opt/local/share/texmf-texlive-dist/tex/latex/hyperref/hpdftex.def
File: hpdftex.def 2012/05/13 v6.82q Hyperref driver for pdfTeX
\Fld@listcount=\count96
\c@bookmark@seq@number=\count97

(/opt/local/share/texmf-texlive-dist/tex/latex/oberdiek/rerunfilecheck.sty
Package: rerunfilecheck 2011/04/15 v1.7 Rerun checks for auxiliary files (HO)
Package uniquecounter Info: New unique counter `rerunfilecheck' on input line 2
82.
)
\Hy@SectionHShift=\skip52
)
(/opt/local/share/texmf-texlive-dist/tex/latex/listings/listings.sty
\lst@mode=\count98
\lst@gtempboxa=\box26
\lst@token=\toks15
\lst@length=\count99
\lst@currlwidth=\dimen108
\lst@column=\count100
\lst@pos=\count101
\lst@lostspace=\dimen109
\lst@width=\dimen110
\lst@newlines=\count102
\lst@lineno=\count103
\lst@maxwidth=\dimen111

(/opt/local/share/texmf-texlive-dist/tex/latex/listings/lstmisc.sty
File: lstmisc.sty 2007/02/22 1.4 (Carsten Heinz)
\c@lstnumber=\count104
\lst@skipnumbers=\count105
\lst@framebox=\box27
)
(/opt/local/share/texmf-texlive-dist/tex/latex/listings/listings.cfg
File: listings.cfg 2007/02/22 1.4 listings configuration
))
Package: listings 2007/02/22 1.4 (Carsten Heinz)

(/opt/local/share/texmf-texlive-dist/tex/latex/graphics/color.sty
Package: color 2005/11/14 v1.0j Standard LaTeX Color (DPC)

(/opt/local/share/texmf-texlive-dist/tex/latex/latexconfig/color.cfg
File: color.cfg 2007/01/18 v1.5 color configuration of teTeX/TeXLive
)
Package color Info: Driver file: pdftex.def on input line 130.

(/opt/local/share/texmf-texlive-dist/tex/latex/graphics/dvipsnam.def
File: dvipsnam.def 1999/02/16 v3.0i Driver-dependant file (DPC,SPQR)
))

Package Fancyhdr Warning: \fancyhead's `E' option without twoside option is use
less on input line 15.


Package Fancyhdr Warning: \fancyhead's `E' option without twoside option is use
less on input line 16.

Package hyperref Info: Option `colorlinks' set `true' on input line 18.
(./Liquibase_Continuous_Deployment.aux)
\openout1 = `Liquibase_Continuous_Deployment.aux'.

LaTeX Font Info:    Checking defaults for OML/cmm/m/it on input line 24.
LaTeX Font Info:    ... okay on input line 24.
LaTeX Font Info:    Checking defaults for T1/cmr/m/n on input line 24.
LaTeX Font Info:    ... okay on input line 24.
LaTeX Font Info:    Checking defaults for OT1/cmr/m/n on input line 24.
LaTeX Font Info:    ... okay on input line 24.
LaTeX Font Info:    Checking defaults for OMS/cmsy/m/n on input line 24.
LaTeX Font Info:    ... okay on input line 24.
LaTeX Font Info:    Checking defaults for OMX/cmex/m/n on input line 24.
LaTeX Font Info:    ... okay on input line 24.
LaTeX Font Info:    Checking defaults for U/cmr/m/n on input line 24.
LaTeX Font Info:    ... okay on input line 24.
LaTeX Font Info:    Checking defaults for PD1/pdf/m/n on input line 24.
LaTeX Font Info:    ... okay on input line 24.

(/opt/local/share/texmf-texlive-dist/tex/context/base/supp-pdf.mkii
[Loading MPS to PDF converter (version 2006.09.02).]
\scratchcounter=\count106
\scratchdimen=\dimen112
\scratchbox=\box28
\nofMPsegments=\count107
\nofMParguments=\count108
\everyMPshowfont=\toks16
\MPscratchCnt=\count109
\MPscratchDim=\dimen113
\MPnumerator=\count110
\makeMPintoPDFobject=\count111
\everyMPtoPDFconversion=\toks17
) (/opt/local/share/texmf-texlive-dist/tex/latex/oberdiek/epstopdf-base.sty
Package: epstopdf-base 2010/02/09 v2.5 Base part for package epstopdf

(/opt/local/share/texmf-texlive-dist/tex/latex/oberdiek/grfext.sty
Package: grfext 2010/08/19 v1.1 Manage graphics extensions (HO)
)
Package grfext Info: Graphics extension search list:
(grfext)             [.png,.pdf,.jpg,.mps,.jpeg,.jbig2,.jb2,.PNG,.PDF,.JPG,.JPE
G,.JBIG2,.JB2,.eps]
(grfext)             \AppendGraphicsExtensions on input line 452.

(/opt/local/share/texmf-texlive-dist/tex/latex/latexconfig/epstopdf-sys.cfg
File: epstopdf-sys.cfg 2010/07/13 v1.3 Configuration of (r)epstopdf for TeX Liv
e
))
\AtBeginShipoutBox=\box29
Package hyperref Info: Link coloring ON on input line 24.

(/opt/local/share/texmf-texlive-dist/tex/latex/hyperref/nameref.sty
Package: nameref 2010/04/30 v2.40 Cross-referencing by name of section

(/opt/local/share/texmf-texlive-dist/tex/generic/oberdiek/gettitlestring.sty
Package: gettitlestring 2010/12/03 v1.4 Cleanup title references (HO)
)
\c@section@level=\count112
)
LaTeX Info: Redefining \ref on input line 24.
LaTeX Info: Redefining \pageref on input line 24.
LaTeX Info: Redefining \nameref on input line 24.

(./Liquibase_Continuous_Deployment.out) (./Liquibase_Continuous_Deployment.out)
\@outlinefile=\write3
\openout3 = `Liquibase_Continuous_Deployment.out'.

\c@lstlisting=\count113
<../images/rsmart_base.png, id=84, 246.9225pt x 87.32625pt>
File: ../images/rsmart_base.png Graphic file (type png)

<use ../images/rsmart_base.png>
Package pdftex.def Info: ../images/rsmart_base.png used on input line 26.
(pdftex.def)             Requested size: 292.5pt x 103.45049pt.

<../images/kuali_base.png, id=85, 323.7696pt x 79.0152pt>
File: ../images/kuali_base.png Graphic file (type png)

<use ../images/kuali_base.png>
Package pdftex.def Info: ../images/kuali_base.png used on input line 26.
(pdftex.def)             Requested size: 272.99881pt x 66.6279pt.
LaTeX Font Info:    External font `cmex10' loaded for size
(Font)              <14.4> on input line 26.
LaTeX Font Info:    External font `cmex10' loaded for size
(Font)              <7> on input line 26.
 (./Liquibase_Continuous_Deployment.toc
LaTeX Font Info:    External font `cmex10' loaded for size
(Font)              <12> on input line 2.
LaTeX Font Info:    External font `cmex10' loaded for size
(Font)              <8> on input line 2.
LaTeX Font Info:    External font `cmex10' loaded for size
(Font)              <6> on input line 2.
 [1

{/opt/local/var/db/texmf/fonts/map/pdftex/updmap/pdftex.map} <../images/rsmart_
base.png> <../images/kuali_base.png>])
\tf@toc=\write4
\openout4 = `Liquibase_Continuous_Deployment.toc'.

File: ../images/rsmart_base.png Graphic file (type png)
 <use ../images/rsmart_base.png>
Package pdftex.def Info: ../images/rsmart_base.png used on input line 62.
(pdftex.def)             Requested size: 73.51591pt x 26.0pt.


Package Fancyhdr Warning: \headheight is too small (12.0pt): 
 Make it at least 30.35004pt.
 We now make it that large for the rest of the document.
 This may cause the page layout to be inconsistent, however.

[2]
LaTeX Font Info:    Try loading font information for OMS+cmr on input line 97.
 (/opt/local/share/texmf-texlive-dist/tex/latex/base/omscmr.fd
File: omscmr.fd 1999/05/25 v2.5h Standard LaTeX font definitions
)
LaTeX Font Info:    Font shape `OMS/cmr/m/n' in size <10.95> not available
(Font)              Font shape `OMS/cmsy/m/n' tried instead on input line 97.
File: ../images/rsmart_base.png Graphic file (type png)

<use ../images/rsmart_base.png>
Package pdftex.def Info: ../images/rsmart_base.png used on input line 98.
(pdftex.def)             Requested size: 73.51591pt x 26.0pt.
 [3]
(/opt/local/share/texmf-texlive-dist/tex/latex/listings/lstlang1.sty
File: lstlang1.sty 2004/09/05 1.3 listings language file
)
(/opt/local/share/texmf-texlive-dist/tex/latex/listings/lstlang1.sty
File: lstlang1.sty 2004/09/05 1.3 listings language file
)
Package hyperref Info: bookmark level for unknown lstlisting defaults to 0 on i
nput line 118.
LaTeX Font Info:    External font `cmex10' loaded for size
(Font)              <5> on input line 119.

Overfull \hbox (58.6403pt too wide) in paragraph at lines 128--131
\OT1/cmr/m/n/10.95 repos-i-tory, there ex-ists a pro-to-type with the GAV com.r
smart.kuali.kfs:kfs:5.0 
 []


Overfull \hbox (12.00201pt too wide) in paragraph at lines 138--142
\OT1/cmr/m/n/10.95 types to be ei-ther from the org.kuali.kfs group or the com.
rsmart.kuali.kfs
 []

File: ../images/rsmart_base.png Graphic file (type png)
<use ../images/rsmart_base.png>
Package pdftex.def Info: ../images/rsmart_base.png used on input line 144.
(pdftex.def)             Requested size: 73.51591pt x 26.0pt.
 [4]
File: ../images/rsmart_base.png Graphic file (type png)
 <use ../images/rsmart_base.png>
Package pdftex.def Info: ../images/rsmart_base.png used on input line 190.
(pdftex.def)             Requested size: 73.51591pt x 26.0pt.
 [5]
File: ../images/rsmart_base.png Graphic file (type png)

<use ../images/rsmart_base.png>
Package pdftex.def Info: ../images/rsmart_base.png used on input line 216.
(pdftex.def)             Requested size: 73.51591pt x 26.0pt.
 [6]
LaTeX Font Info:    Font shape `OMS/cmr/m/n' in size <8> not available
(Font)              Font shape `OMS/cmsy/m/n' tried instead on input line 226.
LaTeX Font Info:    Try loading font information for OML+cmr on input line 245.


(/opt/local/share/texmf-texlive-dist/tex/latex/base/omlcmr.fd
File: omlcmr.fd 1999/05/25 v2.5h Standard LaTeX font definitions
)
LaTeX Font Info:    Font shape `OML/cmr/m/n' in size <8> not available
(Font)              Font shape `OML/cmm/m/it' tried instead on input line 245.
File: ../images/rsmart_base.png Graphic file (type png)

<use ../images/rsmart_base.png>
Package pdftex.def Info: ../images/rsmart_base.png used on input line 274.
(pdftex.def)             Requested size: 73.51591pt x 26.0pt.
 [7]
File: ../images/rsmart_base.png Graphic file (type png)
 <use ../images/rsmart_base.png>
Package pdftex.def Info: ../images/rsmart_base.png used on input line 323.
(pdftex.def)             Requested size: 73.51591pt x 26.0pt.
 [8]
(/opt/local/share/texmf-texlive-dist/tex/latex/listings/lstlang1.sty
File: lstlang1.sty 2004/09/05 1.3 listings language file
)
(/opt/local/share/texmf-texlive-dist/tex/latex/listings/lstmisc.sty
File: lstmisc.sty 2007/02/22 1.4 (Carsten Heinz)
)
File: ../images/rsmart_base.png Graphic file (type png)

<use ../images/rsmart_base.png>
Package pdftex.def Info: ../images/rsmart_base.png used on input line 364.
(pdftex.def)             Requested size: 73.51591pt x 26.0pt.
 [9]
Overfull \hbox (55.95752pt too wide) in paragraph at lines 411--412
[][] 
 []


Overfull \hbox (55.95752pt too wide) in paragraph at lines 413--414
[][] 
 []

File: ../images/rsmart_base.png Graphic file (type png)
<use ../images/rsmart_base.png>
Package pdftex.def Info: ../images/rsmart_base.png used on input line 419.
(pdftex.def)             Requested size: 73.51591pt x 26.0pt.
 [10]
Overfull \hbox (55.95752pt too wide) in paragraph at lines 446--447
[][] 
 []


Overfull \hbox (55.95752pt too wide) in paragraph at lines 447--448
[][] 
 []

File: ../images/rsmart_base.png Graphic file (type png)
<use ../images/rsmart_base.png>
Package pdftex.def Info: ../images/rsmart_base.png used on input line 452.
(pdftex.def)             Requested size: 73.51591pt x 26.0pt.
 [11]
Overfull \hbox (55.95752pt too wide) in paragraph at lines 473--474
[][] 
 []

File: ../images/rsmart_base.png Graphic file (type png)
<use ../images/rsmart_base.png>
Package pdftex.def Info: ../images/rsmart_base.png used on input line 485.
(pdftex.def)             Requested size: 73.51591pt x 26.0pt.
 [12]
Overfull \hbox (55.95752pt too wide) in paragraph at lines 489--490
[][] 
 []


Overfull \hbox (55.95752pt too wide) in paragraph at lines 493--494
[][] 
 []


Overfull \hbox (55.95752pt too wide) in paragraph at lines 494--495
[][] 
 []

File: ../images/rsmart_base.png Graphic file (type png)
<use ../images/rsmart_base.png>
Package pdftex.def Info: ../images/rsmart_base.png used on input line 516.
(pdftex.def)             Requested size: 73.51591pt x 26.0pt.
 [13]
Overfull \hbox (55.95752pt too wide) in paragraph at lines 520--521
[][] 
 []


Overfull \hbox (55.95752pt too wide) in paragraph at lines 536--537
[][] 
 []


Overfull \hbox (55.95752pt too wide) in paragraph at lines 538--539
[][] 
 []


Overfull \hbox (55.95752pt too wide) in paragraph at lines 540--541
[][] 
 []


Overfull \hbox (55.95752pt too wide) in paragraph at lines 544--545
[][] 
 []

File: ../images/rsmart_base.png Graphic file (type png)
<use ../images/rsmart_base.png>
Package pdftex.def Info: ../images/rsmart_base.png used on input line 546.
(pdftex.def)             Requested size: 73.51591pt x 26.0pt.
 [14]
LaTeX Font Info:    External font `cmex10' loaded for size
(Font)              <10.95> on input line 565.

Underfull \hbox (badness 1533) in paragraph at lines 602--608
[]\OT1/cmr/m/n/10.95 scripts is the nor-mal path for database
 []


Overfull \hbox (58.1109pt too wide) in paragraph at lines 565--622
[]
 []


Overfull \hbox (41.81317pt too wide) in paragraph at lines 565--622
[] 
 []

File: ../images/rsmart_base.png Graphic file (type png)
<use ../images/rsmart_base.png>
Package pdftex.def Info: ../images/rsmart_base.png used on input line 622.
(pdftex.def)             Requested size: 73.51591pt x 26.0pt.
 [15]
File: ../images/rsmart_base.png Graphic file (type png)
 <use ../images/rsmart_base.png>
Package pdftex.def Info: ../images/rsmart_base.png used on input line 623.
(pdftex.def)             Requested size: 73.51591pt x 26.0pt.
 [16]
Package atveryend Info: Empty hook `BeforeClearDocument' on input line 626.
File: ../images/rsmart_base.png Graphic file (type png)

<use ../images/rsmart_base.png>
Package pdftex.def Info: ../images/rsmart_base.png used on input line 626.
(pdftex.def)             Requested size: 73.51591pt x 26.0pt.
 [17]
Package atveryend Info: Empty hook `AfterLastShipout' on input line 626.
 (./Liquibase_Continuous_Deployment.aux)
Package atveryend Info: Executing hook `AtVeryEndDocument' on input line 626.
Package atveryend Info: Executing hook `AtEndAfterFileList' on input line 626.
Package rerunfilecheck Info: File `Liquibase_Continuous_Deployment.out' has not
 changed.
(rerunfilecheck)             Checksum: F88B0E6B16AA1910CE8C9AE03F74853A;1263.
Package atveryend Info: Empty hook `AtVeryVeryEnd' on input line 626.
 ) 
Here is how much of TeX's memory you used:
 7311 strings out of 494763
 107915 string characters out of 3171442
 739732 words of memory out of 3000000
 10181 multiletter control sequences out of 15000+200000
 11040 words of font info for 38 fonts, out of 3000000 for 9000
 134 hyphenation exceptions out of 8191
 33i,16n,51p,287b,1818s stack positions out of 5000i,500n,10000p,200000b,50000s
</opt/local/share/texmf-texlive-dist/fonts/type1/public/amsfonts/cm/cmbx10.pf
b></opt/local/share/texmf-texlive-dist/fonts/type1/public/amsfonts/cm/cmbx12.pf
b></opt/local/share/texmf-texlive-dist/fonts/type1/public/amsfonts/cm/cmbx8.pfb
></opt/local/share/texmf-texlive-dist/fonts/type1/public/amsfonts/cm/cmmi10.pfb
></opt/local/share/texmf-texlive-dist/fonts/type1/public/amsfonts/cm/cmmi8.pfb>
</opt/local/share/texmf-texlive-dist/fonts/type1/public/amsfonts/cm/cmr10.pfb><
/opt/local/share/texmf-texlive-dist/fonts/type1/public/amsfonts/cm/cmr12.pfb></
opt/local/share/texmf-texlive-dist/fonts/type1/public/amsfonts/cm/cmr17.pfb></o
pt/local/share/texmf-texlive-dist/fonts/type1/public/amsfonts/cm/cmr8.pfb></opt
/local/share/texmf-texlive-dist/fonts/type1/public/amsfonts/cm/cmsl10.pfb></opt
/local/share/texmf-texlive-dist/fonts/type1/public/amsfonts/cm/cmsy10.pfb></opt
/local/share/texmf-texlive-dist/fonts/type1/public/amsfonts/cm/cmsy8.pfb></opt/
local/share/texmf-texlive-dist/fonts/type1/public/amsfonts/cm/cmti10.pfb>
Output written on Liquibase_Continuous_Deployment.pdf (17 pages, 244481 bytes).

PDF statistics:
 570 PDF objects out of 1000 (max. 8388607)
 529 compressed objects within 6 object streams
 299 named destinations out of 1000 (max. 500000)
 171 words of extra memory for PDF output out of 10000 (max. 10000000)

