\BOOKMARK [1][-]{section.1}{Goals}{}% 1
\BOOKMARK [2][-]{subsection.1.1}{Development}{section.1}% 2
\BOOKMARK [3][-]{subsubsection.1.1.1}{Commits}{subsection.1.1}% 3
\BOOKMARK [3][-]{subsubsection.1.1.2}{Configuration}{subsection.1.1}% 4
\BOOKMARK [3][-]{subsubsection.1.1.3}{Building}{subsection.1.1}% 5
\BOOKMARK [3][-]{subsubsection.1.1.4}{Testing}{subsection.1.1}% 6
\BOOKMARK [2][-]{subsection.1.2}{Configuration Management}{section.1}% 7
\BOOKMARK [1][-]{section.2}{Use Cases}{}% 8
\BOOKMARK [2][-]{subsection.2.1}{Project Creation}{section.2}% 9
\BOOKMARK [2][-]{subsection.2.2}{New Prototype}{section.2}% 10
\BOOKMARK [2][-]{subsection.2.3}{Environment Setup}{section.2}% 11
\BOOKMARK [2][-]{subsection.2.4}{Start Work}{section.2}% 12
\BOOKMARK [2][-]{subsection.2.5}{Commit Change}{section.2}% 13
\BOOKMARK [2][-]{subsection.2.6}{Two or More Issues}{section.2}% 14
\BOOKMARK [2][-]{subsection.2.7}{Liquibase Changes}{section.2}% 15
\BOOKMARK [3][-]{subsubsection.2.7.1}{Creating a Change}{subsection.2.7}% 16
\BOOKMARK [3][-]{subsubsection.2.7.2}{Testing a Change}{subsection.2.7}% 17
\BOOKMARK [1][-]{section.3}{Setup}{}% 18
\BOOKMARK [2][-]{subsection.3.1}{Project Structure}{section.3}% 19
\BOOKMARK [2][-]{subsection.3.2}{Conventions}{section.3}% 20
